1708059105652	geckodriver	INFO	Listening on 127.0.0.1:54472
1708059108719	mozrunner::runner	INFO	Running command: "C:\\Users\\Jerald\\.cache\\selenium\\firefox\\win64\\122.0.1\\firefox.exe" "--marionette" "-headless" "--re ... " "--remote-allow-hosts" "localhost" "-no-remote" "-profile" "C:\\Users\\Jerald\\AppData\\Local\\Temp\\rust_mozprofileO53T5O"
*** You are running in headless mode.
console.warn: services.settings: Ignoring preference override of remote settings server
console.warn: services.settings: Allow by setting MOZ_REMOTE_SETTINGS_DEVTOOLS=1 in the environment
1708059109235	Marionette	INFO	Marionette enabled
Dynamically enable window occlusion 0
1708059109344	Marionette	INFO	Listening on port 54483
Read port: 54483
WebDriver BiDi listening on ws://127.0.0.1:54473
1708059109413	RemoteAgent	WARN	TLS certificate errors will be ignored for this session
[GFX1-]: RenderCompositorSWGL failed mapping default framebuffer, no dt
console.error: ({})
DevTools listening on ws://127.0.0.1:54473/devtools/browser/9254afe8-6720-40e9-b55f-99c4c4e73f9c
console.error: ({})
console.warn: LoginRecipes: "Falling back to a synchronous message for: https://app.dev.payrent.com."
JavaScript error: https://app.dev.payrent.com/, line 1: TypeError: document.getElementById(...) is null
JavaScript warning: https://t.wepay.com/fp/check.js?org_id=ncwzrc4k&session_id=f37966df-e0d3-487e-a219-1ec5dae5dc26, line 420: WEBGL_debug_renderer_info is deprecated in Firefox and will be removed. Please use RENDERER.
1708059121523	Marionette	WARN	Ignoring event 'pageshow' because document has an invalid readyState of 'uninitialized'.
console.warn: LoginRecipes: "Falling back to a synchronous message for: https://app.dev.payrent.com."
1708059139364	addons.xpi	ERROR	System addon update list error SyntaxError: XMLHttpRequest.open: 'http://%(server)s/dummy-system-addons.xml' is not a valid URL.
1708059149533	Marionette	INFO	Stopped listening on port 54483
JavaScript warning: https://static.userguiding.com/media/user-guiding-864704395ID-embedded.js, line 2: Script terminated by timeout at:
87877/t.prototype.flush@https://static.userguiding.com/media/user-guiding-864704395ID-embedded.js:2:137107

Dynamically enable window occlusion 1
