1708058222686	geckodriver	INFO	Listening on 127.0.0.1:53149
1708058225746	mozrunner::runner	INFO	Running command: "C:\\Users\\Jerald\\.cache\\selenium\\firefox\\win64\\122.0.1\\firefox.exe" "--marionette" "-headless" "--re ... " "--remote-allow-hosts" "localhost" "-no-remote" "-profile" "C:\\Users\\Jerald\\AppData\\Local\\Temp\\rust_mozprofilef3705x"
*** You are running in headless mode.
console.warn: services.settings: Ignoring preference override of remote settings server
console.warn: services.settings: Allow by setting MOZ_REMOTE_SETTINGS_DEVTOOLS=1 in the environment
1708058226166	Marionette	INFO	Marionette enabled
Dynamically enable window occlusion 0
1708058226288	Marionette	INFO	Listening on port 53159
WebDriver BiDi listening on ws://127.0.0.1:53150
Read port: 53159
1708058226497	RemoteAgent	WARN	TLS certificate errors will be ignored for this session
[GFX1-]: RenderCompositorSWGL failed mapping default framebuffer, no dt
console.error: ({})
DevTools listening on ws://127.0.0.1:53150/devtools/browser/1cfac7c3-d23f-4507-a2fc-5e7255a13d63
console.error: ({})
JavaScript error: https://app.dev.payrent.com/, line 1: TypeError: document.getElementById(...) is null
JavaScript warning: https://t.wepay.com/fp/check.js?org_id=ncwzrc4k&session_id=9c751f74-cd8a-481a-8941-5f002660c0df, line 548: WEBGL_debug_renderer_info is deprecated in Firefox and will be removed. Please use RENDERER.
1708058256335	addons.xpi	ERROR	System addon update list error SyntaxError: XMLHttpRequest.open: 'http://%(server)s/dummy-system-addons.xml' is not a valid URL.
console.warn: LoginRecipes: "Falling back to a synchronous message for: https://app.dev.payrent.com."
JavaScript error: , line 0: uncaught exception: null
JavaScript error: , line 0: uncaught exception: Object
