1708059564956	geckodriver	INFO	Listening on 127.0.0.1:55082
1708059568017	mozrunner::runner	INFO	Running command: "C:\\Users\\Jerald\\.cache\\selenium\\firefox\\win64\\122.0.1\\firefox.exe" "--marionette" "-headless" "--re ... " "--remote-allow-hosts" "localhost" "-no-remote" "-profile" "C:\\Users\\Jerald\\AppData\\Local\\Temp\\rust_mozprofileRMtLvr"
*** You are running in headless mode.
console.warn: services.settings: Ignoring preference override of remote settings server
console.warn: services.settings: Allow by setting MOZ_REMOTE_SETTINGS_DEVTOOLS=1 in the environment
1708059568516	Marionette	INFO	Marionette enabled
Dynamically enable window occlusion 0
1708059568607	Marionette	INFO	Listening on port 55091
WebDriver BiDi listening on ws://127.0.0.1:55083
Read port: 55091
1708059568775	RemoteAgent	WARN	TLS certificate errors will be ignored for this session
[GFX1-]: RenderCompositorSWGL failed mapping default framebuffer, no dt
console.error: ({})
DevTools listening on ws://127.0.0.1:55083/devtools/browser/cde84a37-4cd1-4b77-bf33-50ff7c558a7e
console.error: ({})
console.warn: LoginRecipes: "Falling back to a synchronous message for: https://app.dev.payrent.com."
JavaScript error: https://app.dev.payrent.com/, line 1: TypeError: document.getElementById(...) is null
JavaScript warning: https://t.wepay.com/fp/check.js?org_id=ncwzrc4k&session_id=3f4cbe15-8a34-4af2-8be2-6801d7022f03, line 505: WEBGL_debug_renderer_info is deprecated in Firefox and will be removed. Please use RENDERER.
1708059579905	Marionette	WARN	Ignoring event 'pageshow' because document has an invalid readyState of 'uninitialized'.
console.warn: LoginRecipes: "Falling back to a synchronous message for: https://app.dev.payrent.com."
1708059598735	addons.xpi	ERROR	System addon update list error SyntaxError: XMLHttpRequest.open: 'http://%(server)s/dummy-system-addons.xml' is not a valid URL.
1708059606577	Marionette	INFO	Stopped listening on port 55091
JavaScript warning: https://static.userguiding.com/media/user-guiding-864704395ID-embedded.js, line 2: Script terminated by timeout at:
87877/t.prototype.flush@https://static.userguiding.com/media/user-guiding-864704395ID-embedded.js:2:137107

Dynamically enable window occlusion 1
