1713268819843	geckodriver	INFO	Listening on 127.0.0.1:50528
1713268822922	mozrunner::runner	INFO	Running command: "C:\\Users\\Jerald\\.cache\\selenium\\firefox\\win64\\124.0.2\\firefox.exe" "--marionette" "-headless" "--re ... " "--remote-allow-hosts" "localhost" "-no-remote" "-profile" "C:\\Users\\Jerald\\AppData\\Local\\Temp\\rust_mozprofile5EPXMW"
*** You are running in headless mode.
console.warn: services.settings: Ignoring preference override of remote settings server
console.warn: services.settings: Allow by setting MOZ_REMOTE_SETTINGS_DEVTOOLS=1 in the environment
1713268823611	Marionette	INFO	Marionette enabled
Dynamically enable window occlusion 0
1713268823677	Marionette	INFO	Listening on port 50562
WebDriver BiDi listening on ws://127.0.0.1:50529
Read port: 50562
1713268823852	RemoteAgent	WARN	TLS certificate errors will be ignored for this session
[GFX1-]: RenderCompositorSWGL failed mapping default framebuffer, no dt
console.error: ({})
DevTools listening on ws://127.0.0.1:50529/devtools/browser/f799cbd7-2930-4555-9f0e-764291d7b39d
1713268853645	addons.xpi	ERROR	System addon update list error SyntaxError: XMLHttpRequest.open: 'http://%(server)s/dummy-system-addons.xml' is not a valid URL.
console.error: ({})
JavaScript warning: https://t.wepay.com/fp/check.js?org_id=ncwzrc4k&session_id=66045d23-ab88-49aa-89e9-e5946c30c410, line 316: WEBGL_debug_renderer_info is deprecated in Firefox and will be removed. Please use RENDERER.
console.warn: LoginRecipes: "Falling back to a synchronous message for: https://app.dev.payrent.com."
JavaScript error: https://app.dev.payrent.com/, line 1: TypeError: document.getElementById(...) is null
console.warn: LoginRecipes: "Falling back to a synchronous message for: https://app.dev.payrent.com."
