1708058603095	geckodriver	INFO	Listening on 127.0.0.1:53677
1708058606156	mozrunner::runner	INFO	Running command: "C:\\Users\\Jerald\\.cache\\selenium\\firefox\\win64\\122.0.1\\firefox.exe" "--marionette" "-headless" "--re ... " "--remote-allow-hosts" "localhost" "-no-remote" "-profile" "C:\\Users\\Jerald\\AppData\\Local\\Temp\\rust_mozprofilel8JZwj"
*** You are running in headless mode.
console.warn: services.settings: Ignoring preference override of remote settings server
console.warn: services.settings: Allow by setting MOZ_REMOTE_SETTINGS_DEVTOOLS=1 in the environment
1708058606568	Marionette	INFO	Marionette enabled
Dynamically enable window occlusion 0
1708058606642	Marionette	INFO	Listening on port 53687
WebDriver BiDi listening on ws://127.0.0.1:53678
Read port: 53687
1708058606762	RemoteAgent	WARN	TLS certificate errors will be ignored for this session
[GFX1-]: RenderCompositorSWGL failed mapping default framebuffer, no dt
console.error: ({})
DevTools listening on ws://127.0.0.1:53678/devtools/browser/10c0e752-00d0-4a02-8d86-0205e8def3fe
console.error: ({})
console.warn: LoginRecipes: "Falling back to a synchronous message for: https://app.dev.payrent.com."
JavaScript error: https://app.dev.payrent.com/, line 1: TypeError: document.getElementById(...) is null
JavaScript warning: https://t.wepay.com/fp/check.js?org_id=ncwzrc4k&session_id=dcd0c6a9-ae4d-42a1-b1d3-5c727a1ae39f, line 317: WEBGL_debug_renderer_info is deprecated in Firefox and will be removed. Please use RENDERER.
1708058617675	Marionette	WARN	Ignoring event 'pageshow' because document has an invalid readyState of 'uninitialized'.
console.warn: LoginRecipes: "Falling back to a synchronous message for: https://app.dev.payrent.com."
1708058636781	addons.xpi	ERROR	System addon update list error SyntaxError: XMLHttpRequest.open: 'http://%(server)s/dummy-system-addons.xml' is not a valid URL.
1708058644126	Marionette	INFO	Stopped listening on port 53687
JavaScript warning: https://static.userguiding.com/media/user-guiding-864704395ID-embedded.js, line 2: Script terminated by timeout at:
87877/t.prototype.flush@https://static.userguiding.com/media/user-guiding-864704395ID-embedded.js:2:137107

Dynamically enable window occlusion 1
