1708059736922	geckodriver	INFO	Listening on 127.0.0.1:55421
1708059739979	mozrunner::runner	INFO	Running command: "C:\\Users\\Jerald\\.cache\\selenium\\firefox\\win64\\122.0.1\\firefox.exe" "--marionette" "-headless" "--re ... " "--remote-allow-hosts" "localhost" "-no-remote" "-profile" "C:\\Users\\Jerald\\AppData\\Local\\Temp\\rust_mozprofileqwOn7e"
*** You are running in headless mode.
console.warn: services.settings: Ignoring preference override of remote settings server
console.warn: services.settings: Allow by setting MOZ_REMOTE_SETTINGS_DEVTOOLS=1 in the environment
1708059740426	Marionette	INFO	Marionette enabled
Dynamically enable window occlusion 0
1708059740489	Marionette	INFO	Listening on port 55431
WebDriver BiDi listening on ws://127.0.0.1:55422
Read port: 55431
1708059740584	RemoteAgent	WARN	TLS certificate errors will be ignored for this session
[GFX1-]: RenderCompositorSWGL failed mapping default framebuffer, no dt
console.error: ({})
DevTools listening on ws://127.0.0.1:55422/devtools/browser/2de933c3-7004-4846-a26f-ad47e983eb6b
console.error: ({})
console.warn: LoginRecipes: "Falling back to a synchronous message for: https://app.dev.payrent.com."
JavaScript warning: https://t.wepay.com/fp/check.js?org_id=ncwzrc4k&session_id=149255d2-2875-4729-889f-beae8e2e3740, line 639: Failed to create WebGL context: WebGL is currently disabled.
JavaScript warning: https://t.wepay.com/fp/check.js?org_id=ncwzrc4k&session_id=149255d2-2875-4729-889f-beae8e2e3740, line 639: Failed to create WebGL context: WebGL is currently disabled.
JavaScript warning: https://t.wepay.com/fp/check.js?org_id=ncwzrc4k&session_id=149255d2-2875-4729-889f-beae8e2e3740, line 639: Failed to create WebGL context: WebGL is currently disabled.
JavaScript warning: https://t.wepay.com/fp/check.js?org_id=ncwzrc4k&session_id=149255d2-2875-4729-889f-beae8e2e3740, line 639: Failed to create WebGL context: WebGL is currently disabled.
JavaScript error: https://app.dev.payrent.com/, line 1: TypeError: document.getElementById(...) is null
console.warn: LoginRecipes: "Falling back to a synchronous message for: https://app.dev.payrent.com."
1708059781590	Marionette	INFO	Stopped listening on port 55431
JavaScript warning: https://static.userguiding.com/media/user-guiding-864704395ID-embedded.js, line 2: Script terminated by timeout at:
87877/t.prototype.flush@https://static.userguiding.com/media/user-guiding-864704395ID-embedded.js:2:137107

Dynamically enable window occlusion 1
