1708058802235	geckodriver	INFO	Listening on 127.0.0.1:54153
1708058805294	mozrunner::runner	INFO	Running command: "C:\\Users\\Jerald\\.cache\\selenium\\firefox\\win64\\122.0.1\\firefox.exe" "--marionette" "-headless" "--re ... " "--remote-allow-hosts" "localhost" "-no-remote" "-profile" "C:\\Users\\Jerald\\AppData\\Local\\Temp\\rust_mozprofileUpRwie"
*** You are running in headless mode.
console.warn: services.settings: Ignoring preference override of remote settings server
console.warn: services.settings: Allow by setting MOZ_REMOTE_SETTINGS_DEVTOOLS=1 in the environment
1708058805580	Marionette	INFO	Marionette enabled
Dynamically enable window occlusion 0
1708058805652	Marionette	INFO	Listening on port 54164
WebDriver BiDi listening on ws://127.0.0.1:54154
Read port: 54164
1708058805772	RemoteAgent	WARN	TLS certificate errors will be ignored for this session
[GFX1-]: RenderCompositorSWGL failed mapping default framebuffer, no dt
console.error: ({})
DevTools listening on ws://127.0.0.1:54154/devtools/browser/61a9e45c-aacc-4c17-9fda-7d466c538c21
console.warn: LoginRecipes: "Falling back to a synchronous message for: https://app.dev.payrent.com."
console.error: ({})
JavaScript error: https://app.dev.payrent.com/, line 1: TypeError: document.getElementById(...) is null
JavaScript warning: https://t.wepay.com/fp/check.js?org_id=ncwzrc4k&session_id=00d4674b-7bdb-4053-8671-1912aedce3ab, line 27: WEBGL_debug_renderer_info is deprecated in Firefox and will be removed. Please use RENDERER.
1708058816905	Marionette	WARN	Ignoring event 'pageshow' because document has an invalid readyState of 'uninitialized'.
console.warn: LoginRecipes: "Falling back to a synchronous message for: https://app.dev.payrent.com."
1708058835642	addons.xpi	ERROR	System addon update list error SyntaxError: XMLHttpRequest.open: 'http://%(server)s/dummy-system-addons.xml' is not a valid URL.
1708058842434	Marionette	INFO	Stopped listening on port 54164
JavaScript warning: https://static.userguiding.com/media/user-guiding-864704395ID-embedded.js, line 2: Script terminated by timeout at:
87877/t.prototype.flush@https://static.userguiding.com/media/user-guiding-864704395ID-embedded.js:2:137107

Dynamically enable window occlusion 1
