1708058757697	geckodriver	INFO	Listening on 127.0.0.1:54019
1708058760766	mozrunner::runner	INFO	Running command: "C:\\Users\\Jerald\\.cache\\selenium\\firefox\\win64\\122.0.1\\firefox.exe" "--marionette" "-headless" "--re ... " "--remote-allow-hosts" "localhost" "-no-remote" "-profile" "C:\\Users\\Jerald\\AppData\\Local\\Temp\\rust_mozprofileKdqeO1"
*** You are running in headless mode.
console.warn: services.settings: Ignoring preference override of remote settings server
console.warn: services.settings: Allow by setting MOZ_REMOTE_SETTINGS_DEVTOOLS=1 in the environment
1708058761174	Marionette	INFO	Marionette enabled
Dynamically enable window occlusion 0
1708058761250	Marionette	INFO	Listening on port 54030
WebDriver BiDi listening on ws://127.0.0.1:54020
Read port: 54030
1708058761381	RemoteAgent	WARN	TLS certificate errors will be ignored for this session
[GFX1-]: RenderCompositorSWGL failed mapping default framebuffer, no dt
console.error: ({})
DevTools listening on ws://127.0.0.1:54020/devtools/browser/fc1c6d5c-a2d2-4bde-bac5-674ac9ccee46
console.error: ({})
console.warn: LoginRecipes: "Falling back to a synchronous message for: https://app.dev.payrent.com."
JavaScript error: https://app.dev.payrent.com/, line 1: TypeError: document.getElementById(...) is null
JavaScript warning: https://t.wepay.com/fp/check.js?org_id=ncwzrc4k&session_id=d4a8f2d3-bd41-4068-a486-1bb9c811920e, line 468: WEBGL_debug_renderer_info is deprecated in Firefox and will be removed. Please use RENDERER.
1708058772874	Marionette	WARN	Ignoring event 'pageshow' because document has an invalid readyState of 'uninitialized'.
console.warn: LoginRecipes: "Falling back to a synchronous message for: https://app.dev.payrent.com."
1708058791224	addons.xpi	ERROR	System addon update list error SyntaxError: XMLHttpRequest.open: 'http://%(server)s/dummy-system-addons.xml' is not a valid URL.
1708058798949	Marionette	INFO	Stopped listening on port 54030
JavaScript warning: https://static.userguiding.com/media/user-guiding-864704395ID-embedded.js, line 2: Script terminated by timeout at:
Ly@https://static.userguiding.com/media/user-guiding-864704395ID-embedded.js:2:388877

Dynamically enable window occlusion 1
