1708059153262	geckodriver	INFO	Listening on 127.0.0.1:54643
1708059156326	mozrunner::runner	INFO	Running command: "C:\\Users\\Jerald\\.cache\\selenium\\firefox\\win64\\122.0.1\\firefox.exe" "--marionette" "-headless" "--re ... " "--remote-allow-hosts" "localhost" "-no-remote" "-profile" "C:\\Users\\Jerald\\AppData\\Local\\Temp\\rust_mozprofileQAiVmx"
*** You are running in headless mode.
console.warn: services.settings: Ignoring preference override of remote settings server
console.warn: services.settings: Allow by setting MOZ_REMOTE_SETTINGS_DEVTOOLS=1 in the environment
1708059156731	Marionette	INFO	Marionette enabled
Dynamically enable window occlusion 0
1708059156853	Marionette	INFO	Listening on port 54682
Read port: 54682
WebDriver BiDi listening on ws://127.0.0.1:54644
1708059156913	RemoteAgent	WARN	TLS certificate errors will be ignored for this session
[GFX1-]: RenderCompositorSWGL failed mapping default framebuffer, no dt
console.error: ({})
DevTools listening on ws://127.0.0.1:54644/devtools/browser/14d74c0c-e363-402e-b88c-feb5665c5618
console.error: ({})
console.warn: LoginRecipes: "Falling back to a synchronous message for: https://app.dev.payrent.com."
JavaScript error: https://app.dev.payrent.com/, line 1: TypeError: document.getElementById(...) is null
JavaScript warning: https://t.wepay.com/fp/check.js?org_id=ncwzrc4k&session_id=a4699391-ae70-404a-8eec-a1c2f2bc3ed0, line 116: WEBGL_debug_renderer_info is deprecated in Firefox and will be removed. Please use RENDERER.
1708059168391	Marionette	WARN	Ignoring event 'pageshow' because document has an invalid readyState of 'uninitialized'.
console.warn: LoginRecipes: "Falling back to a synchronous message for: https://app.dev.payrent.com."
1708059186811	addons.xpi	ERROR	System addon update list error SyntaxError: XMLHttpRequest.open: 'http://%(server)s/dummy-system-addons.xml' is not a valid URL.
1708059194138	Marionette	INFO	Stopped listening on port 54682
JavaScript warning: https://static.userguiding.com/media/user-guiding-864704395ID-embedded.js, line 2: Script terminated by timeout at:
qs@https://static.userguiding.com/media/user-guiding-864704395ID-embedded.js:2:268088

Dynamically enable window occlusion 1
