1708058647491	geckodriver	INFO	Listening on 127.0.0.1:53819
1708058650536	mozrunner::runner	INFO	Running command: "C:\\Users\\Jerald\\.cache\\selenium\\firefox\\win64\\122.0.1\\firefox.exe" "--marionette" "-headless" "--re ... " "--remote-allow-hosts" "localhost" "-no-remote" "-profile" "C:\\Users\\Jerald\\AppData\\Local\\Temp\\rust_mozprofile0eGpya"
*** You are running in headless mode.
console.warn: services.settings: Ignoring preference override of remote settings server
console.warn: services.settings: Allow by setting MOZ_REMOTE_SETTINGS_DEVTOOLS=1 in the environment
1708058650833	Marionette	INFO	Marionette enabled
Dynamically enable window occlusion 0
1708058650908	Marionette	INFO	Listening on port 53834
WebDriver BiDi listening on ws://127.0.0.1:53820
Read port: 53834
1708058651034	RemoteAgent	WARN	TLS certificate errors will be ignored for this session
[GFX1-]: RenderCompositorSWGL failed mapping default framebuffer, no dt
console.error: ({})
DevTools listening on ws://127.0.0.1:53820/devtools/browser/5b890185-f92c-4cf3-94bb-b34540de25d4
console.warn: LoginRecipes: "Falling back to a synchronous message for: https://app.dev.payrent.com."
console.error: ({})
JavaScript error: https://app.dev.payrent.com/, line 1: TypeError: document.getElementById(...) is null
JavaScript warning: https://t.wepay.com/fp/check.js?org_id=ncwzrc4k&session_id=bfd16ac5-2003-47bd-aec8-d15a06b8591a, line 1133: WEBGL_debug_renderer_info is deprecated in Firefox and will be removed. Please use RENDERER.
1708058661586	Marionette	WARN	Ignoring event 'pageshow' because document has an invalid readyState of 'uninitialized'.
console.warn: LoginRecipes: "Falling back to a synchronous message for: https://app.dev.payrent.com."
1708058680996	addons.xpi	ERROR	System addon update list error SyntaxError: XMLHttpRequest.open: 'http://%(server)s/dummy-system-addons.xml' is not a valid URL.
1708058687375	Marionette	INFO	Stopped listening on port 53834
JavaScript warning: https://static.userguiding.com/media/user-guiding-864704395ID-embedded.js, line 2: Script terminated by timeout at:
87877/t.prototype.flush@https://static.userguiding.com/media/user-guiding-864704395ID-embedded.js:2:137107

Dynamically enable window occlusion 1
